<?xml version="1.0" encoding="UTF-8"?>
<testng-results ignored="0" total="2" passed="2" failed="0" skipped="0">
  <reporter-output>
  </reporter-output>
  <suite started-at="2021-10-06T19:49:13 IST" name="Default suite" finished-at="2021-10-06T19:49:16 IST" duration-ms="3047">
    <groups>
    </groups>
    <test started-at="2021-10-06T19:49:13 IST" name="Default test" finished-at="2021-10-06T19:49:16 IST" duration-ms="3047">
      <class name="API_Test.Get_Book">
        <test-method signature="getbook_details()[pri:0, instance:API_Test.Get_Book@161479c6]" started-at="2021-10-06T19:49:13 IST" name="getbook_details" finished-at="2021-10-06T19:49:15 IST" duration-ms="2343" status="PASS">
          <reporter-output>
          </reporter-output>
        </test-method> <!-- getbook_details -->
        <test-method signature="postbookdetails()[pri:0, instance:API_Test.Get_Book@161479c6]" started-at="2021-10-06T19:49:15 IST" name="postbookdetails" finished-at="2021-10-06T19:49:16 IST" depends-on-methods="API_Test.Get_Book.getbook_details" duration-ms="669" status="PASS">
          <reporter-output>
          </reporter-output>
        </test-method> <!-- postbookdetails -->
      </class> <!-- API_Test.Get_Book -->
    </test> <!-- Default test -->
  </suite> <!-- Default suite -->
</testng-results>
