<?xml version="1.0" encoding="UTF-8"?>
<testng-results ignored="0" total="1" passed="1" failed="0" skipped="0">
  <reporter-output>
  </reporter-output>
  <suite started-at="2021-10-03T18:30:25 IST" name="Default suite" finished-at="2021-10-03T18:30:27 IST" duration-ms="2786">
    <groups>
    </groups>
    <test started-at="2021-10-03T18:30:25 IST" name="Default test" finished-at="2021-10-03T18:30:27 IST" duration-ms="2786">
      <class name="API_Test.Get_Book">
        <test-method signature="getbook_details()[pri:0, instance:API_Test.Get_Book@5e316c74]" started-at="2021-10-03T18:30:25 IST" name="getbook_details" finished-at="2021-10-03T18:30:27 IST" duration-ms="2752" status="PASS">
          <reporter-output>
          </reporter-output>
        </test-method> <!-- getbook_details -->
      </class> <!-- API_Test.Get_Book -->
    </test> <!-- Default test -->
  </suite> <!-- Default suite -->
</testng-results>
